
        CUSTOM LOGGING AT 2025-08-26 00:01:10 - [App] Server started on port 4000  ↵  
    
        CUSTOM LOGGING AT 2025-08-26 00:01:10 - [Prisma] Connected to the database  ↵  
    
        CUSTOM LOGGING AT 2025-08-26 00:02:01 - [App] Server started on port 4000  ↵  
    
        CUSTOM LOGGING AT 2025-08-26 00:02:01 - [App] Server started on port 4000  ↵  
    
        CUSTOM LOGGING AT 2025-08-26 00:02:01 - [Prisma] Connected to the database  ↵  
    
        CUSTOM LOGGING AT 2025-08-26 00:02:01 - [Prisma] Connected to the database  ↵  
    
        CUSTOM LOGGING AT 2025-08-26 00:02:01 - [App] Server started on port 4000  ↵  
    
        CUSTOM LOGGING AT 2025-08-26 00:02:01 - [App] Server started on port 4000  ↵  
    
        CUSTOM LOGGING AT 2025-08-26 00:02:01 - [Prisma] Connected to the database  ↵  
    
        CUSTOM LOGGING AT 2025-08-26 00:02:01 - [Prisma] Connected to the database  ↵  
    
        CUSTOM LOGGING AT 2025-08-26 00:02:23 - [App] Server started on port 4000  ↵  
    
        CUSTOM LOGGING AT 2025-08-26 00:02:23 - [Prisma] Connected to the database  ↵  
    
        CUSTOM LOGGING AT 2025-08-26 00:03:05 - [App] Server started on port 4000  ↵  
    
        CUSTOM LOGGING AT 2025-08-26 00:03:05 - [Prisma] Connected to the database  ↵  
    
        CUSTOM LOGGING AT 2025-08-26 00:03:05 - [App] Server started on port 4000  ↵  
    
        CUSTOM LOGGING AT 2025-08-26 00:03:05 - [Prisma] Connected to the database  ↵  
    
        CUSTOM LOGGING AT 2025-08-26 00:03:05 - [App] Server started on port 4000  ↵  
    
        CUSTOM LOGGING AT 2025-08-26 00:03:05 - [App] Server started on port 4000  ↵  
    
        CUSTOM LOGGING AT 2025-08-26 00:03:05 - [Prisma] Connected to the database  ↵  
    
        CUSTOM LOGGING AT 2025-08-26 00:03:05 - [Prisma] Connected to the database  ↵  
    
        CUSTOM LOGGING AT 2025-08-26 00:03:15 - [App] Server started on port 4000  ↵  
    
        CUSTOM LOGGING AT 2025-08-26 00:03:15 - [App] Server started on port 4000  ↵  
    
        CUSTOM LOGGING AT 2025-08-26 00:03:15 - [App] Server started on port 4000  ↵  
    
        CUSTOM LOGGING AT 2025-08-26 00:03:15 - [Prisma] Connected to the database  ↵  
    
        CUSTOM LOGGING AT 2025-08-26 00:03:15 - [Prisma] Connected to the database  ↵  
    
        CUSTOM LOGGING AT 2025-08-26 00:03:15 - [Prisma] Connected to the database  ↵  
    
        CUSTOM LOGGING AT 2025-08-26 00:03:15 - [App] Server started on port 4000  ↵  
    
        CUSTOM LOGGING AT 2025-08-26 00:03:15 - [Prisma] Connected to the database  ↵  
    
        CUSTOM LOGGING AT 2025-08-26 00:03:34 - [App] Server started on port 4000  ↵  
    
        CUSTOM LOGGING AT 2025-08-26 00:03:34 - [App] Server started on port 4000  ↵  
    
        CUSTOM LOGGING AT 2025-08-26 00:03:34 - [App] Server started on port 4000  ↵  
    
        CUSTOM LOGGING AT 2025-08-26 00:03:34 - [App] Server started on port 4000  ↵  
    
        CUSTOM LOGGING AT 2025-08-26 00:03:35 - [Prisma] Connected to the database  ↵  
    
        CUSTOM LOGGING AT 2025-08-26 00:03:35 - [Prisma] Connected to the database  ↵  
    
        CUSTOM LOGGING AT 2025-08-26 00:03:35 - [Prisma] Connected to the database  ↵  
    
        CUSTOM LOGGING AT 2025-08-26 00:03:35 - [Prisma] Connected to the database  ↵  
    
        CUSTOM LOGGING AT 2025-08-26 00:03:45 - [App] Server started on port 4000  ↵  
    
        CUSTOM LOGGING AT 2025-08-26 00:03:45 - [App] Server started on port 4000  ↵  
    
        CUSTOM LOGGING AT 2025-08-26 00:03:45 - [App] Server started on port 4000  ↵  
    
        CUSTOM LOGGING AT 2025-08-26 00:03:45 - [Prisma] Connected to the database  ↵  
    
        CUSTOM LOGGING AT 2025-08-26 00:03:45 - [App] Server started on port 4000  ↵  
    
        CUSTOM LOGGING AT 2025-08-26 00:03:45 - [Prisma] Connected to the database  ↵  
    
        CUSTOM LOGGING AT 2025-08-26 00:03:45 - [Prisma] Connected to the database  ↵  
    
        CUSTOM LOGGING AT 2025-08-26 00:03:45 - [Prisma] Connected to the database  ↵  
    
        CUSTOM LOGGING AT 2025-08-26 00:04:12 - [App] Server started on port 4000  ↵  
    
        CUSTOM LOGGING AT 2025-08-26 00:04:12 - [Prisma] Connected to the database  ↵  
    
        CUSTOM LOGGING AT 2025-08-26 00:04:12 - [App] Server started on port 4000  ↵  
    
        CUSTOM LOGGING AT 2025-08-26 00:04:12 - [Prisma] Connected to the database  ↵  
    
        CUSTOM LOGGING AT 2025-08-26 00:04:12 - [App] Server started on port 4000  ↵  
    
        CUSTOM LOGGING AT 2025-08-26 00:04:12 - [App] Server started on port 4000  ↵  
    
        CUSTOM LOGGING AT 2025-08-26 00:04:12 - [Prisma] Connected to the database  ↵  
    
        CUSTOM LOGGING AT 2025-08-26 00:04:12 - [Prisma] Connected to the database  ↵  
    
        CUSTOM LOGGING AT 2025-08-26 00:04:28 - [App] Server started on port 4000  ↵  
    
        CUSTOM LOGGING AT 2025-08-26 00:04:28 - [Prisma] Connected to the database  ↵  
    
        CUSTOM LOGGING AT 2025-08-26 00:04:28 - [App] Server started on port 4000  ↵  
    
        CUSTOM LOGGING AT 2025-08-26 00:04:29 - [App] Server started on port 4000  ↵  
    
        CUSTOM LOGGING AT 2025-08-26 00:04:29 - [App] Server started on port 4000  ↵  
    
        CUSTOM LOGGING AT 2025-08-26 00:04:29 - [Prisma] Connected to the database  ↵  
    
        CUSTOM LOGGING AT 2025-08-26 00:04:29 - [Prisma] Connected to the database  ↵  
    
        CUSTOM LOGGING AT 2025-08-26 00:04:29 - [Prisma] Connected to the database  ↵  
    
        CUSTOM LOGGING AT 2025-08-26 00:05:26 - [App] Server started on port 4000  ↵  
    
        CUSTOM LOGGING AT 2025-08-26 00:05:26 - [Prisma] Connected to the database  ↵  
    
        CUSTOM LOGGING AT 2025-08-26 00:06:35 - [App] Server started on port 4000  ↵  
    
        CUSTOM LOGGING AT 2025-08-26 00:06:35 - [App] Server started on port 4000  ↵  
    
        CUSTOM LOGGING AT 2025-08-26 00:06:35 - [App] Server started on port 4000  ↵  
    
        CUSTOM LOGGING AT 2025-08-26 00:06:35 - [App] Server started on port 4000  ↵  
    
        CUSTOM LOGGING AT 2025-08-26 00:06:35 - [Prisma] Connected to the database  ↵  
    
        CUSTOM LOGGING AT 2025-08-26 00:06:35 - [Prisma] Connected to the database  ↵  
    
        CUSTOM LOGGING AT 2025-08-26 00:06:35 - [Prisma] Connected to the database  ↵  
    
        CUSTOM LOGGING AT 2025-08-26 00:06:35 - [Prisma] Connected to the database  ↵  
    
        CUSTOM LOGGING AT 2025-08-26 00:08:01 - [App] Server started on port 4000  ↵  
    
        CUSTOM LOGGING AT 2025-08-26 00:08:01 - [Prisma] Connected to the database  ↵  
    
        CUSTOM LOGGING AT 2025-08-26 00:08:34 - [App] Server started on port 4000  ↵  
    
        CUSTOM LOGGING AT 2025-08-26 00:08:34 - [Prisma] Connected to the database  ↵  
    
        CUSTOM LOGGING AT 2025-08-26 00:08:34 - [App] Server started on port 4000  ↵  
    
        CUSTOM LOGGING AT 2025-08-26 00:08:34 - [App] Server started on port 4000  ↵  
    
        CUSTOM LOGGING AT 2025-08-26 00:08:34 - [Prisma] Connected to the database  ↵  
    
        CUSTOM LOGGING AT 2025-08-26 00:08:34 - [Prisma] Connected to the database  ↵  
    
        CUSTOM LOGGING AT 2025-08-26 00:08:34 - [App] Server started on port 4000  ↵  
    
        CUSTOM LOGGING AT 2025-08-26 00:08:34 - [Prisma] Connected to the database  ↵  
    
        CUSTOM LOGGING AT 2025-08-26 00:11:46 - Error during upsertAllChunks: Vector dimension 768 does not match the dimension of the index 4096  ↵  
    
        CUSTOM LOGGING AT 2025-08-26 00:13:25 - [App] Server started on port 4000  ↵  
    
        CUSTOM LOGGING AT 2025-08-26 00:13:25 - [App] Server started on port 4000  ↵  
    
        CUSTOM LOGGING AT 2025-08-26 00:13:25 - [App] Server started on port 4000  ↵  
    
        CUSTOM LOGGING AT 2025-08-26 00:13:25 - [App] Server started on port 4000  ↵  
    
        CUSTOM LOGGING AT 2025-08-26 00:13:25 - [Prisma] Connected to the database  ↵  
    
        CUSTOM LOGGING AT 2025-08-26 00:13:25 - [Prisma] Connected to the database  ↵  
    
        CUSTOM LOGGING AT 2025-08-26 00:13:25 - [Prisma] Connected to the database  ↵  
    
        CUSTOM LOGGING AT 2025-08-26 00:13:25 - [Prisma] Connected to the database  ↵  
    
        CUSTOM LOGGING AT 2025-08-26 00:17:41 - [App] Server started on port 4000  ↵  
    
        CUSTOM LOGGING AT 2025-08-26 00:17:41 - [App] Server started on port 4000  ↵  
    
        CUSTOM LOGGING AT 2025-08-26 00:17:41 - [App] Server started on port 4000  ↵  
    
        CUSTOM LOGGING AT 2025-08-26 00:17:41 - [App] Server started on port 4000  ↵  
    
        CUSTOM LOGGING AT 2025-08-26 00:17:41 - [Prisma] Connected to the database  ↵  
    
        CUSTOM LOGGING AT 2025-08-26 00:17:41 - [Prisma] Connected to the database  ↵  
    
        CUSTOM LOGGING AT 2025-08-26 00:17:41 - [Prisma] Connected to the database  ↵  
    
        CUSTOM LOGGING AT 2025-08-26 00:17:41 - [Prisma] Connected to the database  ↵  
    
        CUSTOM LOGGING AT 2025-08-26 00:18:04 - [App] Server started on port 4000  ↵  
    
        CUSTOM LOGGING AT 2025-08-26 00:18:04 - [App] Server started on port 4000  ↵  
    
        CUSTOM LOGGING AT 2025-08-26 00:18:04 - [Prisma] Connected to the database  ↵  
    
        CUSTOM LOGGING AT 2025-08-26 00:18:04 - [Prisma] Connected to the database  ↵  
    
        CUSTOM LOGGING AT 2025-08-26 00:18:04 - [App] Server started on port 4000  ↵  
    
        CUSTOM LOGGING AT 2025-08-26 00:18:04 - [App] Server started on port 4000  ↵  
    
        CUSTOM LOGGING AT 2025-08-26 00:18:04 - [Prisma] Connected to the database  ↵  
    
        CUSTOM LOGGING AT 2025-08-26 00:18:04 - [Prisma] Connected to the database  ↵  
    
        CUSTOM LOGGING AT 2025-08-26 00:18:14 - [App] Server started on port 4000  ↵  
    
        CUSTOM LOGGING AT 2025-08-26 00:18:14 - [Prisma] Connected to the database  ↵  
    
        CUSTOM LOGGING AT 2025-08-26 00:19:05 - [App] Server started on port 4000  ↵  
    
        CUSTOM LOGGING AT 2025-08-26 00:19:05 - [App] Server started on port 4000  ↵  
    
        CUSTOM LOGGING AT 2025-08-26 00:19:05 - [App] Server started on port 4000  ↵  
    
        CUSTOM LOGGING AT 2025-08-26 00:19:06 - [App] Server started on port 4000  ↵  
    
        CUSTOM LOGGING AT 2025-08-26 00:19:06 - [Prisma] Connected to the database  ↵  
    
        CUSTOM LOGGING AT 2025-08-26 00:19:06 - [Prisma] Connected to the database  ↵  
    
        CUSTOM LOGGING AT 2025-08-26 00:19:06 - [Prisma] Connected to the database  ↵  
    
        CUSTOM LOGGING AT 2025-08-26 00:19:06 - [Prisma] Connected to the database  ↵  
    
        CUSTOM LOGGING AT 2025-08-26 00:19:06 - [App] Server started on port 4000  ↵  
    
        CUSTOM LOGGING AT 2025-08-26 00:19:06 - [Prisma] Connected to the database  ↵  
    
        CUSTOM LOGGING AT 2025-08-26 00:19:13 - [App] Server started on port 4000  ↵  
    
        CUSTOM LOGGING AT 2025-08-26 00:19:13 - [Prisma] Connected to the database  ↵  
    
        CUSTOM LOGGING AT 2025-08-26 00:19:13 - [App] Server started on port 4000  ↵  
    
        CUSTOM LOGGING AT 2025-08-26 00:19:13 - [App] Server started on port 4000  ↵  
    
        CUSTOM LOGGING AT 2025-08-26 00:19:13 - [Prisma] Connected to the database  ↵  
    
        CUSTOM LOGGING AT 2025-08-26 00:19:13 - [App] Server started on port 4000  ↵  
    
        CUSTOM LOGGING AT 2025-08-26 00:19:13 - [Prisma] Connected to the database  ↵  
    
        CUSTOM LOGGING AT 2025-08-26 00:19:13 - [App] Server started on port 4000  ↵  
    
        CUSTOM LOGGING AT 2025-08-26 00:19:13 - [Prisma] Connected to the database  ↵  
    
        CUSTOM LOGGING AT 2025-08-26 00:19:13 - [Prisma] Connected to the database  ↵  
    
        CUSTOM LOGGING AT 2025-08-26 00:36:53 - Error during upsertAllChunks: 
Invalid `prisma.storeProduct.findMany()` invocation:


Error converting field "selling_price" of expected non-nullable type "Float", found incompatible value of "null".  ↵  
    
        CUSTOM LOGGING AT 2025-08-26 00:38:35 - [App] Server started on port 4000  ↵  
    
        CUSTOM LOGGING AT 2025-08-26 00:38:35 - [Prisma] Connected to the database  ↵  
    
        CUSTOM LOGGING AT 2025-08-26 00:40:09 - [App] Server started on port 4000  ↵  
    
        CUSTOM LOGGING AT 2025-08-26 00:40:09 - [Prisma] Connected to the database  ↵  
    
        CUSTOM LOGGING AT 2025-08-26 06:50:11 - [App] Server started on port 4000  ↵  
    
        CUSTOM LOGGING AT 2025-08-26 06:50:11 - [Prisma] Connected to the database  ↵  
    
        CUSTOM LOGGING AT 2025-08-26 07:05:54 - [App] Server started on port 4000  ↵  
    
        CUSTOM LOGGING AT 2025-08-26 07:05:54 - [App] Server started on port 4000  ↵  
    
        CUSTOM LOGGING AT 2025-08-26 07:05:54 - [Prisma] Connected to the database  ↵  
    
        CUSTOM LOGGING AT 2025-08-26 07:05:54 - [App] Server started on port 4000  ↵  
    
        CUSTOM LOGGING AT 2025-08-26 07:05:54 - [App] Server started on port 4000  ↵  
    
        CUSTOM LOGGING AT 2025-08-26 07:05:54 - [App] Server started on port 4000  ↵  
    
        CUSTOM LOGGING AT 2025-08-26 07:05:54 - [Prisma] Connected to the database  ↵  
    
        CUSTOM LOGGING AT 2025-08-26 07:05:54 - [Prisma] Connected to the database  ↵  
    
        CUSTOM LOGGING AT 2025-08-26 07:05:54 - [App] Server started on port 4000  ↵  
    
        CUSTOM LOGGING AT 2025-08-26 07:05:54 - [Prisma] Connected to the database  ↵  
    
        CUSTOM LOGGING AT 2025-08-26 07:05:54 - [Prisma] Connected to the database  ↵  
    
        CUSTOM LOGGING AT 2025-08-26 07:05:54 - [Prisma] Connected to the database  ↵  
    
        CUSTOM LOGGING AT 2025-08-26 07:06:40 - [App] Server started on port 4000  ↵  
    
        CUSTOM LOGGING AT 2025-08-26 07:06:40 - [Prisma] Connected to the database  ↵  
    
        CUSTOM LOGGING AT 2025-08-26 07:06:40 - [App] Server started on port 4000  ↵  
    
        CUSTOM LOGGING AT 2025-08-26 07:06:40 - [Prisma] Connected to the database  ↵  
    
        CUSTOM LOGGING AT 2025-08-26 07:06:40 - [App] Server started on port 4000  ↵  
    
        CUSTOM LOGGING AT 2025-08-26 07:06:40 - [Prisma] Connected to the database  ↵  
    
        CUSTOM LOGGING AT 2025-08-26 07:06:40 - [App] Server started on port 4000  ↵  
    
        CUSTOM LOGGING AT 2025-08-26 07:06:40 - [App] Server started on port 4000  ↵  
    
        CUSTOM LOGGING AT 2025-08-26 07:06:40 - [App] Server started on port 4000  ↵  
    
        CUSTOM LOGGING AT 2025-08-26 07:06:40 - [Prisma] Connected to the database  ↵  
    
        CUSTOM LOGGING AT 2025-08-26 07:06:40 - [Prisma] Connected to the database  ↵  
    
        CUSTOM LOGGING AT 2025-08-26 07:06:40 - [Prisma] Connected to the database  ↵  
    
        CUSTOM LOGGING AT 2025-08-26 07:07:24 - [App] Server started on port 4000  ↵  
    
        CUSTOM LOGGING AT 2025-08-26 07:07:24 - [App] Server started on port 4000  ↵  
    
        CUSTOM LOGGING AT 2025-08-26 07:07:24 - [App] Server started on port 4000  ↵  
    
        CUSTOM LOGGING AT 2025-08-26 07:07:24 - [App] Server started on port 4000  ↵  
    
        CUSTOM LOGGING AT 2025-08-26 07:07:24 - [App] Server started on port 4000  ↵  
    
        CUSTOM LOGGING AT 2025-08-26 07:07:24 - [App] Server started on port 4000  ↵  
    
        CUSTOM LOGGING AT 2025-08-26 07:07:24 - [Prisma] Connected to the database  ↵  
    
        CUSTOM LOGGING AT 2025-08-26 07:07:24 - [Prisma] Connected to the database  ↵  
    
        CUSTOM LOGGING AT 2025-08-26 07:07:24 - [Prisma] Connected to the database  ↵  
    
        CUSTOM LOGGING AT 2025-08-26 07:07:24 - [Prisma] Connected to the database  ↵  
    
        CUSTOM LOGGING AT 2025-08-26 07:07:24 - [Prisma] Connected to the database  ↵  
    
        CUSTOM LOGGING AT 2025-08-26 07:07:24 - [Prisma] Connected to the database  ↵  
    
        CUSTOM LOGGING AT 2025-08-26 07:08:07 - [App] Server started on port 4000  ↵  
    
        CUSTOM LOGGING AT 2025-08-26 07:08:07 - [App] Server started on port 4000  ↵  
    
        CUSTOM LOGGING AT 2025-08-26 07:08:07 - [Prisma] Connected to the database  ↵  
    
        CUSTOM LOGGING AT 2025-08-26 07:08:07 - [Prisma] Connected to the database  ↵  
    
        CUSTOM LOGGING AT 2025-08-26 07:08:07 - [App] Server started on port 4000  ↵  
    
        CUSTOM LOGGING AT 2025-08-26 07:08:07 - [App] Server started on port 4000  ↵  
    
        CUSTOM LOGGING AT 2025-08-26 07:08:07 - [Prisma] Connected to the database  ↵  
    
        CUSTOM LOGGING AT 2025-08-26 07:08:07 - [Prisma] Connected to the database  ↵  
    
        CUSTOM LOGGING AT 2025-08-26 07:08:07 - [App] Server started on port 4000  ↵  
    
        CUSTOM LOGGING AT 2025-08-26 07:08:07 - [Prisma] Connected to the database  ↵  
    
        CUSTOM LOGGING AT 2025-08-26 07:08:07 - [App] Server started on port 4000  ↵  
    
        CUSTOM LOGGING AT 2025-08-26 07:08:07 - [Prisma] Connected to the database  ↵  
    
        CUSTOM LOGGING AT 2025-08-26 07:08:30 - [App] Server started on port 4000  ↵  
    
        CUSTOM LOGGING AT 2025-08-26 07:08:30 - [App] Server started on port 4000  ↵  
    
        CUSTOM LOGGING AT 2025-08-26 07:08:30 - [App] Server started on port 4000  ↵  
    
        CUSTOM LOGGING AT 2025-08-26 07:08:30 - [App] Server started on port 4000  ↵  
    
        CUSTOM LOGGING AT 2025-08-26 07:08:31 - [Prisma] Connected to the database  ↵  
    
        CUSTOM LOGGING AT 2025-08-26 07:08:31 - [Prisma] Connected to the database  ↵  
    
        CUSTOM LOGGING AT 2025-08-26 07:08:31 - [Prisma] Connected to the database  ↵  
    
        CUSTOM LOGGING AT 2025-08-26 07:08:31 - [Prisma] Connected to the database  ↵  
    
        CUSTOM LOGGING AT 2025-08-26 07:08:31 - [App] Server started on port 4000  ↵  
    
        CUSTOM LOGGING AT 2025-08-26 07:08:31 - [Prisma] Connected to the database  ↵  
    
        CUSTOM LOGGING AT 2025-08-26 07:08:31 - [App] Server started on port 4000  ↵  
    
        CUSTOM LOGGING AT 2025-08-26 07:08:31 - [Prisma] Connected to the database  ↵  
    
        CUSTOM LOGGING AT 2025-08-26 07:09:22 - [App] Server started on port 4000  ↵  
    
        CUSTOM LOGGING AT 2025-08-26 07:09:22 - [Prisma] Connected to the database  ↵  
    
        CUSTOM LOGGING AT 2025-08-26 07:09:22 - [App] Server started on port 4000  ↵  
    
        CUSTOM LOGGING AT 2025-08-26 07:09:22 - [App] Server started on port 4000  ↵  
    
        CUSTOM LOGGING AT 2025-08-26 07:09:22 - [Prisma] Connected to the database  ↵  
    
        CUSTOM LOGGING AT 2025-08-26 07:09:22 - [App] Server started on port 4000  ↵  
    
        CUSTOM LOGGING AT 2025-08-26 07:09:22 - [App] Server started on port 4000  ↵  
    
        CUSTOM LOGGING AT 2025-08-26 07:09:22 - [Prisma] Connected to the database  ↵  
    
        CUSTOM LOGGING AT 2025-08-26 07:09:22 - [Prisma] Connected to the database  ↵  
    
        CUSTOM LOGGING AT 2025-08-26 07:09:22 - [Prisma] Connected to the database  ↵  
    
        CUSTOM LOGGING AT 2025-08-26 07:09:22 - [App] Server started on port 4000  ↵  
    
        CUSTOM LOGGING AT 2025-08-26 07:09:22 - [Prisma] Connected to the database  ↵  
    
        CUSTOM LOGGING AT 2025-08-26 07:09:31 - [App] Server started on port 4000  ↵  
    
        CUSTOM LOGGING AT 2025-08-26 07:09:31 - [App] Server started on port 4000  ↵  
    
        CUSTOM LOGGING AT 2025-08-26 07:09:31 - [App] Server started on port 4000  ↵  
    
        CUSTOM LOGGING AT 2025-08-26 07:09:31 - [App] Server started on port 4000  ↵  
    
        CUSTOM LOGGING AT 2025-08-26 07:09:31 - [App] Server started on port 4000  ↵  
    
        CUSTOM LOGGING AT 2025-08-26 07:09:31 - [App] Server started on port 4000  ↵  
    
        CUSTOM LOGGING AT 2025-08-26 07:09:31 - [Prisma] Connected to the database  ↵  
    
        CUSTOM LOGGING AT 2025-08-26 07:09:31 - [Prisma] Connected to the database  ↵  
    
        CUSTOM LOGGING AT 2025-08-26 07:09:31 - [Prisma] Connected to the database  ↵  
    
        CUSTOM LOGGING AT 2025-08-26 07:09:31 - [Prisma] Connected to the database  ↵  
    
        CUSTOM LOGGING AT 2025-08-26 07:09:31 - [Prisma] Connected to the database  ↵  
    
        CUSTOM LOGGING AT 2025-08-26 07:09:31 - [Prisma] Connected to the database  ↵  
    
        CUSTOM LOGGING AT 2025-08-26 07:10:03 - [App] Server started on port 4000  ↵  
    
        CUSTOM LOGGING AT 2025-08-26 07:10:03 - [App] Server started on port 4000  ↵  
    
        CUSTOM LOGGING AT 2025-08-26 07:10:03 - [Prisma] Connected to the database  ↵  
    
        CUSTOM LOGGING AT 2025-08-26 07:10:03 - [Prisma] Connected to the database  ↵  
    
        CUSTOM LOGGING AT 2025-08-26 07:10:03 - [App] Server started on port 4000  ↵  
    
        CUSTOM LOGGING AT 2025-08-26 07:10:03 - [Prisma] Connected to the database  ↵  
    
        CUSTOM LOGGING AT 2025-08-26 07:10:03 - [App] Server started on port 4000  ↵  
    
        CUSTOM LOGGING AT 2025-08-26 07:10:03 - [Prisma] Connected to the database  ↵  
    
        CUSTOM LOGGING AT 2025-08-26 07:10:03 - [App] Server started on port 4000  ↵  
    
        CUSTOM LOGGING AT 2025-08-26 07:10:03 - [App] Server started on port 4000  ↵  
    
        CUSTOM LOGGING AT 2025-08-26 07:10:03 - [Prisma] Connected to the database  ↵  
    
        CUSTOM LOGGING AT 2025-08-26 07:10:03 - [Prisma] Connected to the database  ↵  
    
        CUSTOM LOGGING AT 2025-08-26 07:13:21 - [App] Server started on port 4000  ↵  
    
        CUSTOM LOGGING AT 2025-08-26 07:13:21 - [App] Server started on port 4000  ↵  
    
        CUSTOM LOGGING AT 2025-08-26 07:13:21 - [App] Server started on port 4000  ↵  
    
        CUSTOM LOGGING AT 2025-08-26 07:13:21 - [App] Server started on port 4000  ↵  
    
        CUSTOM LOGGING AT 2025-08-26 07:13:21 - [App] Server started on port 4000  ↵  
    
        CUSTOM LOGGING AT 2025-08-26 07:13:22 - [Prisma] Connected to the database  ↵  
    
        CUSTOM LOGGING AT 2025-08-26 07:13:22 - [Prisma] Connected to the database  ↵  
    
        CUSTOM LOGGING AT 2025-08-26 07:13:22 - [Prisma] Connected to the database  ↵  
    
        CUSTOM LOGGING AT 2025-08-26 07:13:22 - [Prisma] Connected to the database  ↵  
    
        CUSTOM LOGGING AT 2025-08-26 07:13:22 - [Prisma] Connected to the database  ↵  
    
        CUSTOM LOGGING AT 2025-08-26 07:13:22 - [App] Server started on port 4000  ↵  
    
        CUSTOM LOGGING AT 2025-08-26 07:13:22 - [Prisma] Connected to the database  ↵  
    
        CUSTOM LOGGING AT 2025-08-26 07:14:11 - [App] Server started on port 4000  ↵  
    
        CUSTOM LOGGING AT 2025-08-26 07:14:11 - [App] Server started on port 4000  ↵  
    
        CUSTOM LOGGING AT 2025-08-26 07:14:11 - [App] Server started on port 4000  ↵  
    
        CUSTOM LOGGING AT 2025-08-26 07:14:11 - [Prisma] Connected to the database  ↵  
    
        CUSTOM LOGGING AT 2025-08-26 07:14:11 - [Prisma] Connected to the database  ↵  
    
        CUSTOM LOGGING AT 2025-08-26 07:14:11 - [Prisma] Connected to the database  ↵  
    
        CUSTOM LOGGING AT 2025-08-26 07:14:11 - [App] Server started on port 4000  ↵  
    
        CUSTOM LOGGING AT 2025-08-26 07:14:11 - [App] Server started on port 4000  ↵  
    
        CUSTOM LOGGING AT 2025-08-26 07:14:11 - [Prisma] Connected to the database  ↵  
    
        CUSTOM LOGGING AT 2025-08-26 07:14:11 - [Prisma] Connected to the database  ↵  
    
        CUSTOM LOGGING AT 2025-08-26 07:14:11 - [App] Server started on port 4000  ↵  
    
        CUSTOM LOGGING AT 2025-08-26 07:14:11 - [Prisma] Connected to the database  ↵  
    
        CUSTOM LOGGING AT 2025-08-26 07:14:23 - [App] Server started on port 4000  ↵  
    
        CUSTOM LOGGING AT 2025-08-26 07:14:23 - [App] Server started on port 4000  ↵  
    
        CUSTOM LOGGING AT 2025-08-26 07:14:23 - [App] Server started on port 4000  ↵  
    
        CUSTOM LOGGING AT 2025-08-26 07:14:23 - [App] Server started on port 4000  ↵  
    
        CUSTOM LOGGING AT 2025-08-26 07:14:23 - [Prisma] Connected to the database  ↵  
    
        CUSTOM LOGGING AT 2025-08-26 07:14:23 - [Prisma] Connected to the database  ↵  
    
        CUSTOM LOGGING AT 2025-08-26 07:14:23 - [Prisma] Connected to the database  ↵  
    
        CUSTOM LOGGING AT 2025-08-26 07:14:23 - [Prisma] Connected to the database  ↵  
    
        CUSTOM LOGGING AT 2025-08-26 07:14:23 - [App] Server started on port 4000  ↵  
    
        CUSTOM LOGGING AT 2025-08-26 07:14:23 - [Prisma] Connected to the database  ↵  
    
        CUSTOM LOGGING AT 2025-08-26 07:14:23 - [App] Server started on port 4000  ↵  
    
        CUSTOM LOGGING AT 2025-08-26 07:14:23 - [Prisma] Connected to the database  ↵  
    
        CUSTOM LOGGING AT 2025-08-26 07:14:31 - [App] Server started on port 4000  ↵  
    
        CUSTOM LOGGING AT 2025-08-26 07:14:31 - [App] Server started on port 4000  ↵  
    
        CUSTOM LOGGING AT 2025-08-26 07:14:31 - [Prisma] Connected to the database  ↵  
    
        CUSTOM LOGGING AT 2025-08-26 07:14:31 - [Prisma] Connected to the database  ↵  
    
        CUSTOM LOGGING AT 2025-08-26 07:14:31 - [App] Server started on port 4000  ↵  
    
        CUSTOM LOGGING AT 2025-08-26 07:14:31 - [App] Server started on port 4000  ↵  
    
        CUSTOM LOGGING AT 2025-08-26 07:14:31 - [Prisma] Connected to the database  ↵  
    
        CUSTOM LOGGING AT 2025-08-26 07:14:31 - [Prisma] Connected to the database  ↵  
    
        CUSTOM LOGGING AT 2025-08-26 07:14:31 - [App] Server started on port 4000  ↵  
    
        CUSTOM LOGGING AT 2025-08-26 07:14:31 - [Prisma] Connected to the database  ↵  
    
        CUSTOM LOGGING AT 2025-08-26 07:14:31 - [App] Server started on port 4000  ↵  
    
        CUSTOM LOGGING AT 2025-08-26 07:14:31 - [Prisma] Connected to the database  ↵  
    
        CUSTOM LOGGING AT 2025-08-26 07:16:58 - [App] Server started on port 4000  ↵  
    
        CUSTOM LOGGING AT 2025-08-26 07:16:58 - [App] Server started on port 4000  ↵  
    
        CUSTOM LOGGING AT 2025-08-26 07:16:58 - [App] Server started on port 4000  ↵  
    
        CUSTOM LOGGING AT 2025-08-26 07:16:58 - [App] Server started on port 4000  ↵  
    
        CUSTOM LOGGING AT 2025-08-26 07:16:58 - [App] Server started on port 4000  ↵  
    
        CUSTOM LOGGING AT 2025-08-26 07:16:58 - [App] Server started on port 4000  ↵  
    
        CUSTOM LOGGING AT 2025-08-26 07:16:59 - [Prisma] Connected to the database  ↵  
    
        CUSTOM LOGGING AT 2025-08-26 07:16:59 - [Prisma] Connected to the database  ↵  
    
        CUSTOM LOGGING AT 2025-08-26 07:16:59 - [Prisma] Connected to the database  ↵  
    
        CUSTOM LOGGING AT 2025-08-26 07:16:59 - [Prisma] Connected to the database  ↵  
    
        CUSTOM LOGGING AT 2025-08-26 07:16:59 - [Prisma] Connected to the database  ↵  
    
        CUSTOM LOGGING AT 2025-08-26 07:16:59 - [Prisma] Connected to the database  ↵  
    
        CUSTOM LOGGING AT 2025-08-26 07:35:05 - [App] Server started on port 4000  ↵  
    
        CUSTOM LOGGING AT 2025-08-26 07:35:05 - [App] Server started on port 4000  ↵  
    
        CUSTOM LOGGING AT 2025-08-26 07:35:05 - [App] Server started on port 4000  ↵  
    
        CUSTOM LOGGING AT 2025-08-26 07:35:05 - [App] Server started on port 4000  ↵  
    
        CUSTOM LOGGING AT 2025-08-26 07:35:05 - [App] Server started on port 4000  ↵  
    
        CUSTOM LOGGING AT 2025-08-26 07:35:05 - [App] Server started on port 4000  ↵  
    
        CUSTOM LOGGING AT 2025-08-26 07:35:05 - [Prisma] Connected to the database  ↵  
    
        CUSTOM LOGGING AT 2025-08-26 07:35:05 - [Prisma] Connected to the database  ↵  
    
        CUSTOM LOGGING AT 2025-08-26 07:35:05 - [Prisma] Connected to the database  ↵  
    
        CUSTOM LOGGING AT 2025-08-26 07:35:05 - [Prisma] Connected to the database  ↵  
    
        CUSTOM LOGGING AT 2025-08-26 07:35:05 - [Prisma] Connected to the database  ↵  
    
        CUSTOM LOGGING AT 2025-08-26 07:35:05 - [Prisma] Connected to the database  ↵  
    
        CUSTOM LOGGING AT 2025-08-26 07:39:22 - [App] Server started on port 4000  ↵  
    
        CUSTOM LOGGING AT 2025-08-26 07:39:22 - [Prisma] Connected to the database  ↵  
    
        CUSTOM LOGGING AT 2025-08-26 07:41:46 - [App] Server started on port 4000  ↵  
    
        CUSTOM LOGGING AT 2025-08-26 07:41:46 - [App] Server started on port 4000  ↵  
    
        CUSTOM LOGGING AT 2025-08-26 07:41:46 - [App] Server started on port 4000  ↵  
    
        CUSTOM LOGGING AT 2025-08-26 07:41:46 - [App] Server started on port 4000  ↵  
    
        CUSTOM LOGGING AT 2025-08-26 07:41:46 - [App] Server started on port 4000  ↵  
    
        CUSTOM LOGGING AT 2025-08-26 07:41:46 - [Prisma] Connected to the database  ↵  
    
        CUSTOM LOGGING AT 2025-08-26 07:41:46 - [Prisma] Connected to the database  ↵  
    
        CUSTOM LOGGING AT 2025-08-26 07:41:46 - [Prisma] Connected to the database  ↵  
    
        CUSTOM LOGGING AT 2025-08-26 07:41:46 - [Prisma] Connected to the database  ↵  
    
        CUSTOM LOGGING AT 2025-08-26 07:41:46 - [Prisma] Connected to the database  ↵  
    
        CUSTOM LOGGING AT 2025-08-26 07:41:46 - [App] Server started on port 4000  ↵  
    
        CUSTOM LOGGING AT 2025-08-26 07:41:47 - [Prisma] Connected to the database  ↵  
    
        CUSTOM LOGGING AT 2025-08-26 07:42:09 - [App] Server started on port 4000  ↵  
    
        CUSTOM LOGGING AT 2025-08-26 07:42:09 - [Prisma] Connected to the database  ↵  
    
        CUSTOM LOGGING AT 2025-08-26 07:42:09 - [App] Server started on port 4000  ↵  
    
        CUSTOM LOGGING AT 2025-08-26 07:42:09 - [App] Server started on port 4000  ↵  
    
        CUSTOM LOGGING AT 2025-08-26 07:42:09 - [App] Server started on port 4000  ↵  
    
        CUSTOM LOGGING AT 2025-08-26 07:42:09 - [Prisma] Connected to the database  ↵  
    
        CUSTOM LOGGING AT 2025-08-26 07:42:09 - [App] Server started on port 4000  ↵  
    
        CUSTOM LOGGING AT 2025-08-26 07:42:09 - [Prisma] Connected to the database  ↵  
    
        CUSTOM LOGGING AT 2025-08-26 07:42:09 - [Prisma] Connected to the database  ↵  
    
        CUSTOM LOGGING AT 2025-08-26 07:42:09 - [App] Server started on port 4000  ↵  
    
        CUSTOM LOGGING AT 2025-08-26 07:42:09 - [Prisma] Connected to the database  ↵  
    
        CUSTOM LOGGING AT 2025-08-26 07:42:09 - [Prisma] Connected to the database  ↵  
    
        CUSTOM LOGGING AT 2025-08-26 07:43:09 - [App] Server started on port 4000  ↵  
    
        CUSTOM LOGGING AT 2025-08-26 07:43:09 - [App] Server started on port 4000  ↵  
    
        CUSTOM LOGGING AT 2025-08-26 07:43:09 - [App] Server started on port 4000  ↵  
    
        CUSTOM LOGGING AT 2025-08-26 07:43:09 - [App] Server started on port 4000  ↵  
    
        CUSTOM LOGGING AT 2025-08-26 07:43:09 - [App] Server started on port 4000  ↵  
    
        CUSTOM LOGGING AT 2025-08-26 07:43:09 - [App] Server started on port 4000  ↵  
    
        CUSTOM LOGGING AT 2025-08-26 07:43:09 - [Prisma] Connected to the database  ↵  
    
        CUSTOM LOGGING AT 2025-08-26 07:43:09 - [Prisma] Connected to the database  ↵  
    
        CUSTOM LOGGING AT 2025-08-26 07:43:09 - [Prisma] Connected to the database  ↵  
    
        CUSTOM LOGGING AT 2025-08-26 07:43:09 - [Prisma] Connected to the database  ↵  
    
        CUSTOM LOGGING AT 2025-08-26 07:43:09 - [Prisma] Connected to the database  ↵  
    
        CUSTOM LOGGING AT 2025-08-26 07:43:09 - [Prisma] Connected to the database  ↵  
    
        CUSTOM LOGGING AT 2025-08-26 07:43:18 - [App] Server started on port 4000  ↵  
    
        CUSTOM LOGGING AT 2025-08-26 07:43:18 - [App] Server started on port 4000  ↵  
    
        CUSTOM LOGGING AT 2025-08-26 07:43:18 - [App] Server started on port 4000  ↵  
    
        CUSTOM LOGGING AT 2025-08-26 07:43:18 - [Prisma] Connected to the database  ↵  
    
        CUSTOM LOGGING AT 2025-08-26 07:43:18 - [Prisma] Connected to the database  ↵  
    
        CUSTOM LOGGING AT 2025-08-26 07:43:18 - [Prisma] Connected to the database  ↵  
    
        CUSTOM LOGGING AT 2025-08-26 07:43:18 - [App] Server started on port 4000  ↵  
    
        CUSTOM LOGGING AT 2025-08-26 07:43:18 - [Prisma] Connected to the database  ↵  
    
        CUSTOM LOGGING AT 2025-08-26 07:43:18 - [App] Server started on port 4000  ↵  
    
        CUSTOM LOGGING AT 2025-08-26 07:43:18 - [Prisma] Connected to the database  ↵  
    
        CUSTOM LOGGING AT 2025-08-26 07:43:18 - [App] Server started on port 4000  ↵  
    
        CUSTOM LOGGING AT 2025-08-26 07:43:18 - [Prisma] Connected to the database  ↵  
    